# JRE version: Java(TM) SE Runtime Environment (8.0_111-b14) (build 1.8.0_111-b14)
# Java VM: Java HotSpot(TM) 64-Bit Server VM (25.111-b14 mixed mode windows-amd64 compressed oops)
Heap:
 PSYoungGen      total 513536K, used 327837K [0x00000000e0000000, 0x0000000100000000, 0x0000000100000000)
  eden space 502784K, 64% used [0x00000000e0000000,0x00000000f3c8b280,0x00000000feb00000)
  from space 10752K, 34% used [0x00000000ff580000,0x00000000ff91c360,0x0000000100000000)
  to   space 10752K, 0% used [0x00000000feb00000,0x00000000feb00000,0x00000000ff580000)
 ParOldGen       total 69120K, used 28800K [0x00000000a0000000, 0x00000000a4380000, 0x00000000e0000000)
  object space 69120K, 41% used [0x00000000a0000000,0x00000000a1c200e0,0x00000000a4380000)
 Metaspace       used 34751K, capacity 35686K, committed 35968K, reserved 1081344K
  class space    used 4112K, capacity 4426K, committed 4480K, reserved 1048576K
GC Heap History (10 events):
Event: 134.279 GC heap before
{Heap before GC invocations=24 (full 2):
 PSYoungGen      total 512000K, used 501984K [0x00000000e0000000, 0x0000000100000000, 0x0000000100000000)
  eden space 500736K, 99% used [0x00000000e0000000,0x00000000fe6d81d0,0x00000000fe900000)
  from space 11264K, 30% used [0x00000000fe900000,0x00000000fec60010,0x00000000ff400000)
  to   space 11264K, 0% used [0x00000000ff500000,0x00000000ff500000,0x0000000100000000)
 ParOldGen       total 69120K, used 28800K [0x00000000a0000000, 0x00000000a4380000, 0x00000000e0000000)
  object space 69120K, 41% used [0x00000000a0000000,0x00000000a1c200e0,0x00000000a4380000)
 Metaspace       used 34730K, capacity 35674K, committed 35968K, reserved 1081344K
  class space    used 4107K, capacity 4424K, committed 4480K, reserved 1048576K
Event: 134.289 GC heap after
Heap after GC invocations=24 (full 2):
 PSYoungGen      total 513024K, used 3504K [0x00000000e0000000, 0x0000000100000000, 0x0000000100000000)
  eden space 501760K, 0% used [0x00000000e0000000,0x00000000e0000000,0x00000000fea00000)
  from space 11264K, 31% used [0x00000000ff500000,0x00000000ff86c130,0x0000000100000000)
  to   space 11264K, 0% used [0x00000000fea00000,0x00000000fea00000,0x00000000ff500000)
 ParOldGen       total 69120K, used 28800K [0x00000000a0000000, 0x00000000a4380000, 0x00000000e0000000)
  object space 69120K, 41% used [0x00000000a0000000,0x00000000a1c200e0,0x00000000a4380000)
 Metaspace       used 34730K, capacity 35674K, committed 35968K, reserved 1081344K
  class space    used 4107K, capacity 4424K, committed 4480K, reserved 1048576K
}
Event: 145.037 GC heap before
{Heap before GC invocations=25 (full 2):
 PSYoungGen      total 513024K, used 505126K [0x00000000e0000000, 0x0000000100000000, 0x0000000100000000)
  eden space 501760K, 99% used [0x00000000e0000000,0x00000000fe9dd8f0,0x00000000fea00000)
  from space 11264K, 31% used [0x00000000ff500000,0x00000000ff86c130,0x0000000100000000)
  to   space 11264K, 0% used [0x00000000fea00000,0x00000000fea00000,0x00000000ff500000)
 ParOldGen       total 69120K, used 28800K [0x00000000a0000000, 0x00000000a4380000, 0x00000000e0000000)
  object space 69120K, 41% used [0x00000000a0000000,0x00000000a1c200e0,0x00000000a4380000)
 Metaspace       used 34730K, capacity 35674K, committed 35968K, reserved 1081344K
  class space    used 4107K, capacity 4424K, committed 4480K, reserved 1048576K
Event: 145.042 GC heap after
Heap after GC invocations=25 (full 2):
 PSYoungGen      total 508416K, used 6640K [0x00000000e0000000, 0x00000000fff00000, 0x0000000100000000)
  eden space 501760K, 0% used [0x00000000e0000000,0x00000000e0000000,0x00000000fea00000)
  from space 6656K, 99% used [0x00000000fea00000,0x00000000ff07c140,0x00000000ff080000)
  to   space 10752K, 0% used [0x00000000ff480000,0x00000000ff480000,0x00000000fff00000)
 ParOldGen       total 69120K, used 28800K [0x00000000a0000000, 0x00000000a4380000, 0x00000000e0000000)
  object space 69120K, 41% used [0x00000000a0000000,0x00000000a1c200e0,0x00000000a4380000)
 Metaspace       used 34730K, capacity 35674K, committed 35968K, reserved 1081344K
  class space    used 4107K, capacity 4424K, committed 4480K, reserved 1048576K
}
Event: 155.795 GC heap before
{Heap before GC invocations=26 (full 2):
 PSYoungGen      total 508416K, used 508317K [0x00000000e0000000, 0x00000000fff00000, 0x0000000100000000)
  eden space 501760K, 99% used [0x00000000e0000000,0x00000000fe9eb328,0x00000000fea00000)
  from space 6656K, 99% used [0x00000000fea00000,0x00000000ff07c140,0x00000000ff080000)
  to   space 10752K, 0% used [0x00000000ff480000,0x00000000ff480000,0x00000000fff00000)
 ParOldGen       total 69120K, used 28800K [0x00000000a0000000, 0x00000000a4380000, 0x00000000e0000000)
  object space 69120K, 41% used [0x00000000a0000000,0x00000000a1c200e0,0x00000000a4380000)
 Metaspace       used 34730K, capacity 35674K, committed 35968K, reserved 1081344K
  class space    used 4107K, capacity 4424K, committed 4480K, reserved 1048576K
Event: 155.798 GC heap after
Heap after GC invocations=26 (full 2):
 PSYoungGen      total 512512K, used 6712K [0x00000000e0000000, 0x0000000100000000, 0x0000000100000000)
  eden space 501760K, 0% used [0x00000000e0000000,0x00000000e0000000,0x00000000fea00000)
  from space 10752K, 62% used [0x00000000ff480000,0x00000000ffb0e1c8,0x00000000fff00000)
  to   space 10752K, 0% used [0x00000000fea00000,0x00000000fea00000,0x00000000ff480000)
 ParOldGen       total 69120K, used 28800K [0x00000000a0000000, 0x00000000a4380000, 0x00000000e0000000)
  object space 69120K, 41% used [0x00000000a0000000,0x00000000a1c200e0,0x00000000a4380000)
 Metaspace       used 34730K, capacity 35674K, committed 35968K, reserved 1081344K
  class space    used 4107K, capacity 4424K, committed 4480K, reserved 1048576K
}
Event: 166.553 GC heap before
{Heap before GC invocations=27 (full 2):
 PSYoungGen      total 512512K, used 508340K [0x00000000e0000000, 0x0000000100000000, 0x0000000100000000)
  eden space 501760K, 99% used [0x00000000e0000000,0x00000000fe9def18,0x00000000fea00000)
  from space 10752K, 62% used [0x00000000ff480000,0x00000000ffb0e1c8,0x00000000fff00000)
  to   space 10752K, 0% used [0x00000000fea00000,0x00000000fea00000,0x00000000ff480000)
 ParOldGen       total 69120K, used 28800K [0x00000000a0000000, 0x00000000a4380000, 0x00000000e0000000)
  object space 69120K, 41% used [0x00000000a0000000,0x00000000a1c200e0,0x00000000a4380000)
 Metaspace       used 34730K, capacity 35674K, committed 35968K, reserved 1081344K
  class space    used 4107K, capacity 4424K, committed 4480K, reserved 1048576K
Event: 166.556 GC heap after
Heap after GC invocations=27 (full 2):
 PSYoungGen      total 512512K, used 3672K [0x00000000e0000000, 0x0000000100000000, 0x0000000100000000)
  eden space 501760K, 0% used [0x00000000e0000000,0x00000000e0000000,0x00000000fea00000)
  from space 10752K, 34% used [0x00000000fea00000,0x00000000fed961b8,0x00000000ff480000)
  to   space 10752K, 0% used [0x00000000ff580000,0x00000000ff580000,0x0000000100000000)
 ParOldGen       total 69120K, used 28800K [0x00000000a0000000, 0x00000000a4380000, 0x00000000e0000000)
  object space 69120K, 41% used [0x00000000a0000000,0x00000000a1c200e0,0x00000000a4380000)
 Metaspace       used 34730K, capacity 35674K, committed 35968K, reserved 1081344K
  class space    used 4107K, capacity 4424K, committed 4480K, reserved 1048576K
}
Event: 177.311 GC heap before
{Heap before GC invocations=28 (full 2):
 PSYoungGen      total 512512K, used 505301K [0x00000000e0000000, 0x0000000100000000, 0x0000000100000000)
  eden space 501760K, 99% used [0x00000000e0000000,0x00000000fe9df400,0x00000000fea00000)
  from space 10752K, 34% used [0x00000000fea00000,0x00000000fed961b8,0x00000000ff480000)
  to   space 10752K, 0% used [0x00000000ff580000,0x00000000ff580000,0x0000000100000000)
 ParOldGen       total 69120K, used 28800K [0x00000000a0000000, 0x00000000a4380000, 0x00000000e0000000)
  object space 69120K, 41% used [0x00000000a0000000,0x00000000a1c200e0,0x00000000a4380000)
 Metaspace       used 34730K, capacity 35674K, committed 35968K, reserved 1081344K
  class space    used 4107K, capacity 4424K, committed 4480K, reserved 1048576K
Event: 177.318 GC heap after
Heap after GC invocations=28 (full 2):
 PSYoungGen      total 513536K, used 3696K [0x00000000e0000000, 0x0000000100000000, 0x0000000100000000)
  eden space 502784K, 0% used [0x00000000e0000000,0x00000000e0000000,0x00000000feb00000)
  from space 10752K, 34% used [0x00000000ff580000,0x00000000ff91c360,0x0000000100000000)
  to   space 10752K, 0% used [0x00000000feb00000,0x00000000feb00000,0x00000000ff580000)
 ParOldGen       total 69120K, used 28800K [0x00000000a0000000, 0x00000000a4380000, 0x00000000e0000000)
  object space 69120K, 41% used [0x00000000a0000000,0x00000000a1c200e0,0x00000000a4380000)
 Metaspace       used 34730K, capacity 35674K, committed 35968K, reserved 1081344K
  class space    used 4107K, capacity 4424K, committed 4480K, reserved 1048576K
}

