-------------------------------------------------------------------------------
Test set: TestSuite
-------------------------------------------------------------------------------
Tests run: 6, Failures: 5, Errors: 0, Skipped: 1, Time elapsed: 10,857.495 sec <<< FAILURE! - in TestSuite
patientIdentficationErrorTest(Hazards.PatientIdentificationErrorTest)  Time elapsed: 6.748 sec  <<< FAILURE!
org.openqa.selenium.NoSuchWindowException: 
Unable to find element on closed window (WARNING: The server did not provide any stacktrace information)
Command duration or timeout: 156 milliseconds
Build info: version: '3.0.1', revision: '1969d75', time: '2016-10-18 09:49:13 -0700'
System info: host: 'W1343733', ip: '10.182.72.152', os.name: 'Windows 7', os.arch: 'amd64', os.version: '6.1', java.version: '1.8.0_45'
Driver info: org.openqa.selenium.ie.InternetExplorerDriver
Capabilities [{browserAttachTimeout=0, ie.enableFullPageScreenshot=true, enablePersistentHover=true, ie.forceCreateProcessApi=false, ie.forceShellWindowsApi=false, pageLoadStrategy=normal, ignoreZoomSetting=false, ie.fileUploadDialogTimeout=3000, version=11, platform=WINDOWS, nativeEvents=true, ie.ensureCleanSession=false, elementScrollBehavior=0, ie.browserCommandLineSwitches=, requireWindowFocus=false, browserName=internet explorer, initialBrowserUrl=http://localhost:17835/, javascriptEnabled=true, ignoreProtectedModeSettings=false, enableElementCacheCleanup=true, unexpectedAlertBehaviour=dismiss}]
Session ID: 88a7fc95-60e4-47dd-a404-9d3600fb321d
*** Element info: {Using=id, value=errorsLabel}
	at Hazards.PatientIdentificationErrorTest.patientIdentficationErrorTest(PatientIdentificationErrorTest.java:90)

ITestResult(Hazards.PatientIdentificationErrorTest)  Time elapsed: 8.778 sec  <<< FAILURE!
org.openqa.selenium.NoSuchWindowException: 
Unable to get browser (WARNING: The server did not provide any stacktrace information)
Command duration or timeout: 16 milliseconds
Build info: version: '3.0.1', revision: '1969d75', time: '2016-10-18 09:49:13 -0700'
System info: host: 'W1343733', ip: '10.182.72.152', os.name: 'Windows 7', os.arch: 'amd64', os.version: '6.1', java.version: '1.8.0_45'
Driver info: org.openqa.selenium.ie.InternetExplorerDriver
Capabilities [{browserAttachTimeout=0, ie.enableFullPageScreenshot=true, enablePersistentHover=true, ie.forceCreateProcessApi=false, ie.forceShellWindowsApi=false, pageLoadStrategy=normal, ignoreZoomSetting=false, ie.fileUploadDialogTimeout=3000, version=11, platform=WINDOWS, nativeEvents=true, ie.ensureCleanSession=false, elementScrollBehavior=0, ie.browserCommandLineSwitches=, requireWindowFocus=false, browserName=internet explorer, initialBrowserUrl=http://localhost:17835/, javascriptEnabled=true, ignoreProtectedModeSettings=false, enableElementCacheCleanup=true, unexpectedAlertBehaviour=dismiss}]
Session ID: 88a7fc95-60e4-47dd-a404-9d3600fb321d
	at Hazards.PatientIdentificationErrorTest.ITestResult(PatientIdentificationErrorTest.java:198)

PatientIdentificationErrorTest(Hazards.CausePatientIdentificationErrorTest)  Time elapsed: 20.184 sec  <<< FAILURE!
org.openqa.selenium.NoSuchWindowException: 
Unable to find element on closed window (WARNING: The server did not provide any stacktrace information)
Command duration or timeout: 15 milliseconds
Build info: version: '3.0.1', revision: '1969d75', time: '2016-10-18 09:49:13 -0700'
System info: host: 'W1343733', ip: '10.182.72.152', os.name: 'Windows 7', os.arch: 'amd64', os.version: '6.1', java.version: '1.8.0_45'
Driver info: org.openqa.selenium.ie.InternetExplorerDriver
Capabilities [{browserAttachTimeout=0, ie.enableFullPageScreenshot=true, enablePersistentHover=true, ie.forceCreateProcessApi=false, ie.forceShellWindowsApi=false, pageLoadStrategy=normal, ignoreZoomSetting=false, ie.fileUploadDialogTimeout=3000, version=11, platform=WINDOWS, nativeEvents=true, ie.ensureCleanSession=false, elementScrollBehavior=0, ie.browserCommandLineSwitches=, requireWindowFocus=false, browserName=internet explorer, initialBrowserUrl=http://localhost:46613/, javascriptEnabled=true, ignoreProtectedModeSettings=false, enableElementCacheCleanup=true, unexpectedAlertBehaviour=dismiss}]
Session ID: f7ca507c-7940-4968-8cf9-51b3885aadc4
*** Element info: {Using=id, value=errorsLabel}
	at Hazards.CausePatientIdentificationErrorTest.PatientIdentificationErrorTest(CausePatientIdentificationErrorTest.java:99)

PatientMisidentificationTest(Hazards.CausePatientMisidentificationTest)  Time elapsed: 2.523 sec  <<< FAILURE!
org.openqa.selenium.WebDriverException: 
Failed to navigate to http://10.162.106.174/TransSpec2016010410/capribedside/Login.aspx. This usually means that a call to the COM method IWebBrowser2::Navigate2() failed. (WARNING: The server did not provide any stacktrace information)
Command duration or timeout: 32 milliseconds
Build info: version: '3.0.1', revision: '1969d75', time: '2016-10-18 09:49:13 -0700'
System info: host: 'W1343733', ip: '10.182.72.152', os.name: 'Windows 7', os.arch: 'amd64', os.version: '6.1', java.version: '1.8.0_45'
Driver info: org.openqa.selenium.ie.InternetExplorerDriver
Capabilities [{browserAttachTimeout=0, ie.enableFullPageScreenshot=true, enablePersistentHover=true, ie.forceCreateProcessApi=false, ie.forceShellWindowsApi=false, pageLoadStrategy=normal, ignoreZoomSetting=false, ie.fileUploadDialogTimeout=3000, version=11, platform=WINDOWS, nativeEvents=true, ie.ensureCleanSession=false, elementScrollBehavior=0, ie.browserCommandLineSwitches=, requireWindowFocus=false, browserName=internet explorer, initialBrowserUrl=http://localhost:40181/, javascriptEnabled=true, ignoreProtectedModeSettings=false, enableElementCacheCleanup=true, unexpectedAlertBehaviour=dismiss}]
Session ID: 1e536229-45f3-4d64-9f3f-a1baa8b7e1e1
	at Hazards.CausePatientMisidentificationTest.PatientMisidentificationTest(CausePatientMisidentificationTest.java:70)

closeDriverTest(Hazards.CausePatientMisidentificationTest)  Time elapsed: 10,803.361 sec  <<< FAILURE!
org.openqa.selenium.WebDriverException: 
java.net.SocketTimeoutException: Read timed out
Build info: version: '3.0.1', revision: '1969d75', time: '2016-10-18 09:49:13 -0700'
System info: host: 'W1343733', ip: '10.182.72.152', os.name: 'Windows 7', os.arch: 'amd64', os.version: '6.1', java.version: '1.8.0_45'
Driver info: driver.version: IEDriver
	at Hazards.CausePatientMisidentificationTest.closeDriverTest(CausePatientMisidentificationTest.java:152)
Caused by: java.net.SocketTimeoutException: Read timed out
	at Hazards.CausePatientMisidentificationTest.closeDriverTest(CausePatientMisidentificationTest.java:152)

